Flooder_Walker se logou como admin secreto [14/8/2021 - 2:30]
Flooder_Walker se logou como admin secreto [18/8/2021 - 19:8]
Flooder_Walker se logou como admin secreto [18/8/2021 - 19:28]
13379 se logou como admin secreto [24/11/2021 - 13:32]
10001 se logou como admin secreto [26/11/2021 - 19:39]
10002 se logou como admin secreto [26/11/2021 - 19:40]
<<<<<<< HEAD
10001 se logou como admin secreto [27/11/2021 - 12:58]
10001 se logou como admin secreto [27/11/2021 - 13:5]
10001 se logou como admin secreto [27/11/2021 - 13:13]
10001 se logou como admin secreto [27/11/2021 - 13:29]
10001 se logou como admin secreto [27/11/2021 - 13:43]
10001 se logou como admin secreto [27/11/2021 - 14:1]
10001 se logou como admin secreto [27/11/2021 - 14:23]
10001 se logou como admin secreto [27/11/2021 - 14:58]
=======
10003 se logou como admin secreto [27/11/2021 - 21:47]
10002 digitou a senha e errou [27/11/2021 - 21:47]
10002 se logou como admin secreto [27/11/2021 - 21:47]
10005 se logou como admin secreto [27/11/2021 - 21:58]
10004 se logou como admin secreto [27/11/2021 - 22:37]
>>>>>>> ddfda830a39c63307b225061bc9c42e8fe337fe6
10006 se logou como admin secreto [14/1/2022 - 19:32]
