Compilazione avviata 13/07/2011 13:00:37.
     1>Progetto "c:\Users\salvastrazzullo\documents\visual studio 2010\Projects\getaks\getaks\getaks.vcxproj" sul nodo 2 (destinazioni: build).
     1>InitializeBuildStatus:
         Aggiornamento timestamp di "Debug\getaks.unsuccessfulbuild".
       ClCompile:
         C:\Program Files (x86)\Microsoft Visual Studio 10.0\VC\bin\CL.exe /c /ZI /nologo /W3 /WX- /Od /Oy- /D WIN32 /D _DEBUG /D _WINDOWS /D _USRDLL /D GETAKS_EXPORTS /D _WINDLL /D _UNICODE /D UNICODE /Gm /EHsc /RTC1 /MDd /GS /fp:precise /Zc:wchar_t /Zc:forScope /Fo"Debug\\" /Fd"Debug\vc100.pdb" /Gd /TP /analyze- /errorReport:prompt getaks.cpp
         getaks.cpp
     1>c:\program files (x86)\microsoft visual studio 10.0\vc\include\malloc.h(251): warning C4005: 'alloca': ridefinizione macro
                 c:\users\salvastrazzullo\documents\visual studio 2010\projects\getaks\sdk\amx\amx.h(87): vedere la precedente definizione di 'alloca'
       ManifestResourceCompile:
         C:\Program Files (x86)\Microsoft SDKs\Windows\v7.0A\bin\rc.exe /nologo /fo"Debug\getaks.dll.embed.manifest.res" Debug\getaks_manifest.rc 
       Link:
         C:\Program Files (x86)\Microsoft Visual Studio 10.0\VC\bin\link.exe /ERRORREPORT:PROMPT /OUT:"c:\users\salvastrazzullo\documents\visual studio 2010\Projects\getaks\Debug\getaks.dll" /INCREMENTAL /NOLOGO kernel32.lib user32.lib gdi32.lib winspool.lib comdlg32.lib advapi32.lib shell32.lib ole32.lib oleaut32.lib uuid.lib odbc32.lib odbccp32.lib /DEF:"getaks.def" /MANIFEST /ManifestFile:"Debug\getaks.dll.intermediate.manifest" /MANIFESTUAC:"level='asInvoker' uiAccess='false'" /DEBUG /PDB:"c:\users\salvastrazzullo\documents\visual studio 2010\Projects\getaks\Debug\getaks.pdb" /SUBSYSTEM:WINDOWS /TLBID:1 /DYNAMICBASE /NXCOMPAT /IMPLIB:"c:\users\salvastrazzullo\documents\visual studio 2010\Projects\getaks\Debug\getaks.lib" /MACHINE:X86 /DLL Debug\getaks.dll.embed.manifest.res
         Debug\amxplugin.obj
         Debug\getaks.obj
            Creazione della libreria c:\users\salvastrazzullo\documents\visual studio 2010\Projects\getaks\Debug\getaks.lib e dell'oggetto c:\users\salvastrazzullo\documents\visual studio 2010\Projects\getaks\Debug\getaks.exp in corso...
       Manifest:
         C:\Program Files (x86)\Microsoft SDKs\Windows\v7.0A\bin\mt.exe /nologo /verbose /out:"Debug\getaks.dll.embed.manifest" /manifest Debug\getaks.dll.intermediate.manifest
         C:\Program Files (x86)\Microsoft SDKs\Windows\v7.0A\bin\rc.exe /nologo /fo"Debug\getaks.dll.embed.manifest.res" Debug\getaks_manifest.rc 
       LinkEmbedManifest:
         C:\Program Files (x86)\Microsoft Visual Studio 10.0\VC\bin\link.exe /ERRORREPORT:PROMPT /OUT:"c:\users\salvastrazzullo\documents\visual studio 2010\Projects\getaks\Debug\getaks.dll" /INCREMENTAL /NOLOGO kernel32.lib user32.lib gdi32.lib winspool.lib comdlg32.lib advapi32.lib shell32.lib ole32.lib oleaut32.lib uuid.lib odbc32.lib odbccp32.lib /DEF:"getaks.def" /MANIFEST /ManifestFile:"Debug\getaks.dll.intermediate.manifest" /MANIFESTUAC:"level='asInvoker' uiAccess='false'" /DEBUG /PDB:"c:\users\salvastrazzullo\documents\visual studio 2010\Projects\getaks\Debug\getaks.pdb" /SUBSYSTEM:WINDOWS /TLBID:1 /DYNAMICBASE /NXCOMPAT /IMPLIB:"c:\users\salvastrazzullo\documents\visual studio 2010\Projects\getaks\Debug\getaks.lib" /MACHINE:X86 /DLL Debug\getaks.dll.embed.manifest.res
         Debug\amxplugin.obj
         Debug\getaks.obj
            Creazione della libreria c:\users\salvastrazzullo\documents\visual studio 2010\Projects\getaks\Debug\getaks.lib e dell'oggetto c:\users\salvastrazzullo\documents\visual studio 2010\Projects\getaks\Debug\getaks.exp in corso...
         getaks.vcxproj -> c:\users\salvastrazzullo\documents\visual studio 2010\Projects\getaks\Debug\getaks.dll
       FinalizeBuildStatus:
         Eliminazione del file "Debug\getaks.unsuccessfulbuild" in corso.
         Aggiornamento timestamp di "Debug\getaks.lastbuildstate".
     1>Compilazione progetto "c:\Users\salvastrazzullo\documents\visual studio 2010\Projects\getaks\getaks\getaks.vcxproj" (destinazioni: build) completata.

Compilazione completata.

Tempo trascorso 00:00:13.40
